#
# A fatal error has been detected by the Java Runtime Environment:
#
#  EXCEPTION_ACCESS_VIOLATION (0xc0000005) at pc=0x00007ffc0f18e722, pid=20928, tid=11800
#
# JRE version: Java(TM) SE Runtime Environment (15.0.2+7) (build 15.0.2+7-27)
# Java VM: Java HotSpot(TM) 64-Bit Server VM (15.0.2+7-27, mixed mode, sharing, tiered, compressed oops, g1 gc, windows-amd64)
# Problematic frame:
# C  [awt.dll+0x4e722]
#
# No core dump will be written. Minidumps are not enabled by default on client versions of Windows
#
# If you would like to submit a bug report, please visit:
#   https://bugreport.java.com/bugreport/crash.jsp
# The crash happened outside the Java Virtual Machine in native code.
# See problematic frame for where to report the bug.
#

---------------  S U M M A R Y ------------

Command Line: -Dfile.encoding=UTF-8 --module-path=C:\Users\Sahir Reyes\Documents\NetBeansProjects\Paqueteria\build\classes paqueteria.interfazPaqueteria

Host: Intel(R) Core(TM) i5-8300H CPU @ 2.30GHz, 8 cores, 15G,  Windows 10 , 64 bit Build 19041 (10.0.19041.2364)
Time: Mon Jan  2 23:53:36 2023 Hora estándar Montañas (México) elapsed time: 130.871558 seconds (0d 0h 2m 10s)

---------------  T H R E A D  ---------------

Current thread (0x00000201de706490):  JavaThread "AWT-EventQueue-0" [_thread_in_native, id=11800, stack(0x0000005b12300000,0x0000005b12400000)]

Stack: [0x0000005b12300000,0x0000005b12400000],  sp=0x0000005b123f94e0,  free space=997k
Native frames: (J=compiled Java code, j=interpreted, Vv=VM code, C=native code)
C  [awt.dll+0x4e722]

Java frames: (J=compiled Java code, j=interpreted, Vv=VM code)
j  sun.java2d.loops.TransformHelper.Transform(Lsun/java2d/loops/MaskBlit;Lsun/java2d/SurfaceData;Lsun/java2d/SurfaceData;Ljava/awt/Composite;Lsun/java2d/pipe/Region;Ljava/awt/geom/AffineTransform;IIIIIIIII[III)V+0 java.desktop@15.0.2
j  sun.java2d.pipe.DrawImage.renderImageXform(Lsun/java2d/SunGraphics2D;Ljava/awt/Image;Ljava/awt/geom/AffineTransform;IIIIILjava/awt/Color;)V+565 java.desktop@15.0.2
j  sun.java2d.pipe.DrawImage.transformImage(Lsun/java2d/SunGraphics2D;Ljava/awt/Image;Ljava/awt/geom/AffineTransform;IIIIILjava/awt/Color;)V+120 java.desktop@15.0.2
j  sun.java2d.pipe.DrawImage.scaleImage(Lsun/java2d/SunGraphics2D;Ljava/awt/Image;IIIIIIIILjava/awt/Color;)Z+483 java.desktop@15.0.2
J 1349 c2 sun.java2d.SunGraphics2D.drawHiDPIImage(Ljava/awt/Image;IIIIIIIILjava/awt/Color;Ljava/awt/image/ImageObserver;Ljava/awt/geom/AffineTransform;)Ljava/lang/Boolean; java.desktop@15.0.2 (532 bytes) @ 0x00000201c9a79270 [0x00000201c9a78c20+0x0000000000000650]
J 1360% c2 javax.swing.RepaintManager$PaintManager.paintDoubleBufferedFPScales(Ljavax/swing/JComponent;Ljava/awt/Image;Ljava/awt/Graphics;IIII)V java.desktop@15.0.2 (460 bytes) @ 0x00000201c9a812bc [0x00000201c9a808a0+0x0000000000000a1c]
j  javax.swing.RepaintManager$PaintManager.paintDoubleBuffered(Ljavax/swing/JComponent;Ljava/awt/Image;Ljava/awt/Graphics;IIII)V+28 java.desktop@15.0.2
j  javax.swing.RepaintManager$PaintManager.paint(Ljavax/swing/JComponent;Ljavax/swing/JComponent;Ljava/awt/Graphics;IIII)Z+128 java.desktop@15.0.2
j  javax.swing.RepaintManager.paint(Ljavax/swing/JComponent;Ljavax/swing/JComponent;Ljava/awt/Graphics;IIII)V+52 java.desktop@15.0.2
J 1125 c1 javax.swing.JComponent.paint(Ljava/awt/Graphics;)V java.desktop@15.0.2 (409 bytes) @ 0x00000201c268f934 [0x00000201c268da40+0x0000000000001ef4]
j  java.awt.GraphicsCallback$PaintCallback.run(Ljava/awt/Component;Ljava/awt/Graphics;)V+2 java.desktop@15.0.2
j  sun.awt.SunGraphicsCallback.runOneComponent(Ljava/awt/Component;Ljava/awt/Rectangle;Ljava/awt/Graphics;Ljava/awt/Shape;I)V+130 java.desktop@15.0.2
j  sun.awt.SunGraphicsCallback.runComponents([Ljava/awt/Component;Ljava/awt/Graphics;I)V+157 java.desktop@15.0.2
j  java.awt.Container.paint(Ljava/awt/Graphics;)V+58 java.desktop@15.0.2
j  java.awt.Window.paint(Ljava/awt/Graphics;)V+68 java.desktop@15.0.2
j  javax.swing.RepaintManager$4.run()Ljava/lang/Void;+142 java.desktop@15.0.2
j  javax.swing.RepaintManager$4.run()Ljava/lang/Object;+1 java.desktop@15.0.2
J 768 c1 java.security.ProtectionDomain$JavaSecurityAccessImpl.doIntersectionPrivilege(Ljava/security/PrivilegedAction;Ljava/security/AccessControlContext;Ljava/security/AccessControlContext;)Ljava/lang/Object; java.base@15.0.2 (22 bytes) @ 0x00000201c25a06b4 [0x00000201c25a0420+0x0000000000000294]
j  javax.swing.RepaintManager.paintDirtyRegions(Ljava/util/Map;)V+154 java.desktop@15.0.2
j  javax.swing.RepaintManager.paintDirtyRegions()V+46 java.desktop@15.0.2
j  javax.swing.RepaintManager.prePaintDirtyRegions()V+73 java.desktop@15.0.2
j  javax.swing.RepaintManager$ProcessingRunnable.run()V+37 java.desktop@15.0.2
J 864 c1 java.awt.event.InvocationEvent.dispatch()V java.desktop@15.0.2 (69 bytes) @ 0x00000201c25fb1ac [0x00000201c25faf80+0x000000000000022c]
J 822 c1 java.awt.EventQueue.dispatchEventImpl(Ljava/awt/AWTEvent;Ljava/lang/Object;)V java.desktop@15.0.2 (136 bytes) @ 0x00000201c25c3d34 [0x00000201c25c21c0+0x0000000000001b74]
J 821 c1 java.awt.EventQueue$4.run()Ljava/lang/Void; java.desktop@15.0.2 (60 bytes) @ 0x00000201c25c1ac4 [0x00000201c25c1980+0x0000000000000144]
J 794 c1 java.awt.EventQueue.dispatchEvent(Ljava/awt/AWTEvent;)V java.desktop@15.0.2 (80 bytes) @ 0x00000201c25aef2c [0x00000201c25ae960+0x00000000000005cc]
J 797 c1 java.awt.EventDispatchThread.pumpOneEventForFilters(I)V java.desktop@15.0.2 (113 bytes) @ 0x00000201c25b2924 [0x00000201c25b2280+0x00000000000006a4]
j  java.awt.EventDispatchThread.pumpEventsForFilter(ILjava/awt/Conditional;Ljava/awt/EventFilter;)V+35 java.desktop@15.0.2
j  java.awt.EventDispatchThread.pumpEventsForHierarchy(ILjava/awt/Conditional;Ljava/awt/Component;)V+11 java.desktop@15.0.2
j  java.awt.EventDispatchThread.pumpEvents(ILjava/awt/Conditional;)V+4 java.desktop@15.0.2
j  java.awt.EventDispatchThread.pumpEvents(Ljava/awt/Conditional;)V+3 java.desktop@15.0.2
j  java.awt.EventDispatchThread.run()V+9 java.desktop@15.0.2
v  ~StubRoutines::call_stub

siginfo: EXCEPTION_ACCESS_VIOLATION (0xc0000005), writing address 0x00001101deb60000


Register to memory mapping:

RIP=0x00007ffc0f18e722 awt.dll
RAX=0x00000000ffff99ff is an unknown value
RBX=0x00001101deb60000 is an unknown value
RCX=0x00000000ffffff99 is an unknown value
RDX=0x00000000000000ff is an unknown value
RSP=0x0000005b123f94e0 is pointing into the stack for thread: 0x00000201de706490
RBP=0x00000000000000ff is an unknown value
RSI=0x000000000000ff00 is an unknown value
RDI=0x0000005b123f97f0 is pointing into the stack for thread: 0x00000201de706490
R8 =0x0000000000000780 is an unknown value
R9 =0x0 is NULL
R10=0x000000000099ffff is an unknown value
R11=0x00007ffc0f28a300 awt.dll
R12=0x0000000000000001 is an unknown value
R13=0x00000000000000ff is an unknown value
R14=0x00000000000000ff is an unknown value
R15=0x0000000000000780 is an unknown value


Registers:
RAX=0x00000000ffff99ff, RBX=0x00001101deb60000, RCX=0x00000000ffffff99, RDX=0x00000000000000ff
RSP=0x0000005b123f94e0, RBP=0x00000000000000ff, RSI=0x000000000000ff00, RDI=0x0000005b123f97f0
R8 =0x0000000000000780, R9 =0x0000000000000000, R10=0x000000000099ffff, R11=0x00007ffc0f28a300
R12=0x0000000000000001, R13=0x00000000000000ff, R14=0x00000000000000ff, R15=0x0000000000000780
RIP=0x00007ffc0f18e722, EFLAGS=0x0000000000010206

Top of Stack: (sp=0x0000005b123f94e0)
0x0000005b123f94e0:   0000000000000780 0000000000000009
0x0000005b123f94f0:   0000000000000000 0000000100000000
0x0000005b123f9500:   0000000080000000 00007ffc0f1b3baa
0x0000005b123f9510:   0000000080000000 0000000080000000
0x0000005b123f9520:   0000005b123f9620 0000000000000780
0x0000005b123f9530:   0000000100000000 0000000000000780
0x0000005b123f9540:   0000000000000001 0000000000000000
0x0000005b123f9550:   0000000000000000 00007ffc0f270898
0x0000005b123f9560:   0000005b123f9780 0000005b123fda10
0x0000005b123f9570:   0000005b123fd9c8 0000005b123fd9cc
0x0000005b123f9580:   0000005b123fd9c0 0000005b123fd9c4
0x0000005b123f9590:   0000005b123fd9b8 0000005b123fd9bc
0x0000005b123f95a0:   409dfe0000000789 408904007ffffff6
0x0000005b123f95b0:   00000201de7067b8 7ffffcd500000800
0x0000005b123f95c0:   00000201df675f50 000000007ffffcd5
0x0000005b123f95d0:   0000005b123fb7f0 00000201df5f6110 

Instructions: (pc=0x00007ffc0f18e722)
0x00007ffc0f18e622:   ff ff e9 2b 01 00 00 44 8b 64 24 60 49 8b f5 48
0x00007ffc0f18e632:   c1 e6 08 66 66 66 0f 1f 84 00 00 00 00 00 45 8b
0x00007ffc0f18e642:   f8 0f 1f 40 00 66 0f 1f 84 00 00 00 00 00 8b 0f
0x00007ffc0f18e652:   8b c1 48 c1 e8 18 48 03 c6 42 0f b6 14 18 84 d2
0x00007ffc0f18e662:   0f 84 bd 00 00 00 8b c1 0f b6 e9 c1 f8 08 c1 f9
0x00007ffc0f18e672:   10 44 0f b6 f0 44 0f b6 d1 80 fa ff 73 70 4c 63
0x00007ffc0f18e682:   0b 48 8d 05 75 bc 10 00 8b ca 48 c1 e1 08 48 2b
0x00007ffc0f18e692:   c1 44 0f b6 00 49 8b c1 48 c1 f8 10 0f b6 c8 4a
0x00007ffc0f18e6a2:   8d 04 16 46 0f b6 14 18 49 8b c1 48 c1 f8 08 49
0x00007ffc0f18e6b2:   c1 e0 08 49 03 c8 42 0f b6 14 19 0f b6 c8 44 03
0x00007ffc0f18e6c2:   d2 4a 8d 04 36 49 03 c8 46 0f b6 34 18 41 0f b6
0x00007ffc0f18e6d2:   c1 49 03 c0 42 0f b6 14 19 44 03 f2 42 0f b6 0c
0x00007ffc0f18e6e2:   18 48 8d 04 2e 42 0f b6 2c 18 03 e9 eb 24 49 81
0x00007ffc0f18e6f2:   fd ff 00 00 00 7d 1b 4a 8d 04 16 46 0f b6 14 18
0x00007ffc0f18e702:   4a 8d 04 36 46 0f b6 34 18 48 8d 04 2e 42 0f b6
0x00007ffc0f18e712:   2c 18 41 c1 e2 08 45 0b d6 41 c1 e2 08 44 0b d5
0x00007ffc0f18e722:   44 89 13 48 83 c7 04 48 83 c3 04 41 ff cf 45 85
0x00007ffc0f18e732:   ff 0f 8f 17 ff ff ff 48 03 7c 24 70 41 ff cc 48
0x00007ffc0f18e742:   03 5c 24 68 44 8b 44 24 58 45 85 e4 0f 8f ec fe
0x00007ffc0f18e752:   ff ff 48 8b 5c 24 38 48 8b 6c 24 40 48 8b 74 24
0x00007ffc0f18e762:   48 41 5f 41 5e 41 5d 41 5c 5f c3 cc cc cc 48 89
0x00007ffc0f18e772:   5c 24 20 55 56 57 41 54 41 55 41 56 41 57 48 83
0x00007ffc0f18e782:   ec 30 4c 8b 94 24 c0 00 00 00 48 8d 2d 6d 18 fb
0x00007ffc0f18e792:   ff 48 8b 84 24 b0 00 00 00 33 db 4c 8b e1 89 5c
0x00007ffc0f18e7a2:   24 70 4c 8b ea 45 33 db f3 41 0f 10 42 04 49 8b
0x00007ffc0f18e7b2:   f8 8b 48 20 41 be ff 00 00 00 48 8b 84 24 a8 00
0x00007ffc0f18e7c2:   00 00 0f 5a c0 8b 50 20 49 63 02 f2 0f 59 05 4b
0x00007ffc0f18e7d2:   74 09 00 0f bf b4 c5 02 90 12 00 44 0f b6 94 c5
0x00007ffc0f18e7e2:   00 90 12 00 44 0f b6 bc c5 01 90 12 00 44 2b d6
0x00007ffc0f18e7f2:   89 34 24 0f b6 b4 c5 05 90 12 00 0f bf ac c5 06
0x00007ffc0f18e802:   90 12 00 f2 0f 58 05 0b 74 09 00 89 ac 24 a8 00
0x00007ffc0f18e812:   00 00 48 8d 2d e5 17 fb ff 0f b6 ac c5 04 90 12 


Stack slot to memory mapping:
stack at sp + 0 slots: 0x0000000000000780 is an unknown value
stack at sp + 1 slots: 0x0000000000000009 is an unknown value
stack at sp + 2 slots: 0x0 is NULL
stack at sp + 3 slots: 0x0000000100000000 is an unknown value
stack at sp + 4 slots: 0x0000000080000000 is an unknown value
stack at sp + 5 slots: 0x00007ffc0f1b3baa awt.dll
stack at sp + 6 slots: 0x0000000080000000 is an unknown value
stack at sp + 7 slots: 0x0000000080000000 is an unknown value


---------------  P R O C E S S  ---------------

Threads class SMR info:
_java_thread_list=0x00000201df3afe80, length=15, elements={
0x00000201ddb02510, 0x00000201ddb030f0, 0x00000201de31c200, 0x00000201ddb0d3b0,
0x00000201de31cbc0, 0x00000201de320db0, 0x00000201de3247c0, 0x00000201de335990,
0x00000201ddae78e0, 0x00000201de4ade90, 0x00000201de684de0, 0x00000201de6c0050,
0x00000201de6c2530, 0x00000201de706490, 0x00000201b84c49e0
}

Java Threads: ( => current thread )
  0x00000201ddb02510 JavaThread "Reference Handler" daemon [_thread_blocked, id=10700, stack(0x0000005b11500000,0x0000005b11600000)]
  0x00000201ddb030f0 JavaThread "Finalizer" daemon [_thread_blocked, id=26140, stack(0x0000005b11600000,0x0000005b11700000)]
  0x00000201de31c200 JavaThread "Signal Dispatcher" daemon [_thread_blocked, id=16256, stack(0x0000005b11700000,0x0000005b11800000)]
  0x00000201ddb0d3b0 JavaThread "Attach Listener" daemon [_thread_blocked, id=22808, stack(0x0000005b11800000,0x0000005b11900000)]
  0x00000201de31cbc0 JavaThread "Service Thread" daemon [_thread_blocked, id=12488, stack(0x0000005b11900000,0x0000005b11a00000)]
  0x00000201de320db0 JavaThread "C2 CompilerThread0" daemon [_thread_blocked, id=20076, stack(0x0000005b11a00000,0x0000005b11b00000)]
  0x00000201de3247c0 JavaThread "C1 CompilerThread0" daemon [_thread_blocked, id=22648, stack(0x0000005b11b00000,0x0000005b11c00000)]
  0x00000201de335990 JavaThread "Sweeper thread" daemon [_thread_blocked, id=2612, stack(0x0000005b11c00000,0x0000005b11d00000)]
  0x00000201ddae78e0 JavaThread "Common-Cleaner" daemon [_thread_blocked, id=21304, stack(0x0000005b11d00000,0x0000005b11e00000)]
  0x00000201de4ade90 JavaThread "Notification Thread" daemon [_thread_blocked, id=16340, stack(0x0000005b11e00000,0x0000005b11f00000)]
  0x00000201de684de0 JavaThread "Java2D Disposer" daemon [_thread_blocked, id=8788, stack(0x0000005b12000000,0x0000005b12100000)]
  0x00000201de6c0050 JavaThread "AWT-Shutdown" [_thread_blocked, id=8424, stack(0x0000005b12100000,0x0000005b12200000)]
  0x00000201de6c2530 JavaThread "AWT-Windows" daemon [_thread_in_native, id=22636, stack(0x0000005b12200000,0x0000005b12300000)]
=>0x00000201de706490 JavaThread "AWT-EventQueue-0" [_thread_in_native, id=11800, stack(0x0000005b12300000,0x0000005b12400000)]
  0x00000201b84c49e0 JavaThread "DestroyJavaVM" [_thread_blocked, id=18548, stack(0x0000005b10e00000,0x0000005b10f00000)]

Other Threads:
  0x00000201ddb00c90 VMThread "VM Thread" [stack: 0x0000005b11400000,0x0000005b11500000] [id=13384]
  0x00000201b84c5920 WatcherThread [stack: 0x0000005b11f00000,0x0000005b12000000] [id=18340]
  0x00000201b8513f10 GCTaskThread "GC Thread#0" [stack: 0x0000005b10f00000,0x0000005b11000000] [id=21056]
  0x00000201df834290 GCTaskThread "GC Thread#1" [stack: 0x0000005b12400000,0x0000005b12500000] [id=12816]
  0x00000201df833900 GCTaskThread "GC Thread#2" [stack: 0x0000005b12500000,0x0000005b12600000] [id=17624]
  0x00000201df833f60 GCTaskThread "GC Thread#3" [stack: 0x0000005b12600000,0x0000005b12700000] [id=21820]
  0x00000201df8335d0 GCTaskThread "GC Thread#4" [stack: 0x0000005b12700000,0x0000005b12800000] [id=28888]
  0x00000201df831f80 GCTaskThread "GC Thread#5" [stack: 0x0000005b12800000,0x0000005b12900000] [id=12336]
  0x00000201b8524df0 ConcurrentGCThread "G1 Main Marker" [stack: 0x0000005b11000000,0x0000005b11100000] [id=15172]
  0x00000201b8526180 ConcurrentGCThread "G1 Conc#0" [stack: 0x0000005b11100000,0x0000005b11200000] [id=14272]
  0x00000201b859e360 ConcurrentGCThread "G1 Refine#0" [stack: 0x0000005b11200000,0x0000005b11300000] [id=1240]
  0x00000201dd9730d0 ConcurrentGCThread "G1 Young RemSet Sampling" [stack: 0x0000005b11300000,0x0000005b11400000] [id=7364]

Threads with active compile tasks:

VM state: not at safepoint (normal execution)

VM Mutex/Monitor currently owned by a thread: None

Heap address: 0x0000000702600000, size: 4058 MB, Compressed Oops mode: Zero based, Oop shift amount: 3
CDS archive(s) mapped at: [0x0000000800000000-0x0000000800b50000-0x0000000800b50000), size 11862016, SharedBaseAddress: 0x0000000800000000, ArchiveRelocationMode: 0.
Compressed class space mapped at: 0x0000000800b50000-0x0000000840b50000, size: 1073741824
Narrow klass base: 0x0000000800000000, Narrow klass shift: 3, Narrow klass range: 0x100000000

GC Precious Log:
 CPUs: 8 total, 8 available
 Memory: 16226M
 Large Page Support: Disabled
 NUMA Support: Disabled
 Compressed Oops: Enabled (Zero based)
 Heap Region Size: 2M
 Heap Min Capacity: 8M
 Heap Initial Capacity: 254M
 Heap Max Capacity: 4058M
 Pre-touch: Disabled
 Parallel Workers: 8
 Concurrent Workers: 2
 Concurrent Refinement Workers: 8
 Periodic GC: Disabled

Heap:
 garbage-first heap   total 260096K, used 102685K [0x0000000702600000, 0x0000000800000000)
  region size 2048K, 47 young (96256K), 1 survivors (2048K)
 Metaspace       used 8511K, capacity 8650K, committed 8704K, reserved 1056768K
  class space    used 947K, capacity 1021K, committed 1024K, reserved 1048576K

Heap Regions: E=young(eden), S=young(survivor), O=old, HS=humongous(starts), HC=humongous(continues), CS=collection set, F=free, OA=open archive, CA=closed archive, TAMS=top-at-mark-start (previous, next)
|   0|0x0000000702600000, 0x0000000702800000, 0x0000000702800000|100%| O|  |TAMS 0x0000000702600000, 0x0000000702600000| Untracked 
|   1|0x0000000702800000, 0x0000000702845e00, 0x0000000702a00000| 13%| O|  |TAMS 0x0000000702800000, 0x0000000702800000| Untracked 
|   2|0x0000000702a00000, 0x0000000702a00000, 0x0000000702c00000|  0%| F|  |TAMS 0x0000000702a00000, 0x0000000702a00000| Untracked 
|   3|0x0000000702c00000, 0x0000000702c00000, 0x0000000702e00000|  0%| F|  |TAMS 0x0000000702c00000, 0x0000000702c00000| Untracked 
|   4|0x0000000702e00000, 0x0000000702e00000, 0x0000000703000000|  0%| F|  |TAMS 0x0000000702e00000, 0x0000000702e00000| Untracked 
|   5|0x0000000703000000, 0x0000000703000000, 0x0000000703200000|  0%| F|  |TAMS 0x0000000703000000, 0x0000000703000000| Untracked 
|   6|0x0000000703200000, 0x0000000703200000, 0x0000000703400000|  0%| F|  |TAMS 0x0000000703200000, 0x0000000703200000| Untracked 
|   7|0x0000000703400000, 0x0000000703400000, 0x0000000703600000|  0%| F|  |TAMS 0x0000000703400000, 0x0000000703400000| Untracked 
|   8|0x0000000703600000, 0x0000000703800000, 0x0000000703800000|100%|HS|  |TAMS 0x0000000703600000, 0x0000000703600000| Complete 
|   9|0x0000000703800000, 0x0000000703a00000, 0x0000000703a00000|100%|HC|  |TAMS 0x0000000703800000, 0x0000000703800000| Complete 
|  10|0x0000000703a00000, 0x0000000703c00000, 0x0000000703c00000|100%|HC|  |TAMS 0x0000000703a00000, 0x0000000703a00000| Complete 
|  11|0x0000000703c00000, 0x0000000703e00000, 0x0000000703e00000|100%|HC|  |TAMS 0x0000000703c00000, 0x0000000703c00000| Complete 
|  12|0x0000000703e00000, 0x0000000703e00000, 0x0000000704000000|  0%| F|  |TAMS 0x0000000703e00000, 0x0000000703e00000| Untracked 
|  13|0x0000000704000000, 0x0000000704000000, 0x0000000704200000|  0%| F|  |TAMS 0x0000000704000000, 0x0000000704000000| Untracked 
|  14|0x0000000704200000, 0x0000000704200000, 0x0000000704400000|  0%| F|  |TAMS 0x0000000704200000, 0x0000000704200000| Untracked 
|  15|0x0000000704400000, 0x0000000704400000, 0x0000000704600000|  0%| F|  |TAMS 0x0000000704400000, 0x0000000704400000| Untracked 
|  16|0x0000000704600000, 0x0000000704600000, 0x0000000704800000|  0%| F|  |TAMS 0x0000000704600000, 0x0000000704600000| Untracked 
|  17|0x0000000704800000, 0x0000000704800000, 0x0000000704a00000|  0%| F|  |TAMS 0x0000000704800000, 0x0000000704800000| Untracked 
|  18|0x0000000704a00000, 0x0000000704a00000, 0x0000000704c00000|  0%| F|  |TAMS 0x0000000704a00000, 0x0000000704a00000| Untracked 
|  19|0x0000000704c00000, 0x0000000704c00000, 0x0000000704e00000|  0%| F|  |TAMS 0x0000000704c00000, 0x0000000704c00000| Untracked 
|  20|0x0000000704e00000, 0x0000000704e00000, 0x0000000705000000|  0%| F|  |TAMS 0x0000000704e00000, 0x0000000704e00000| Untracked 
|  21|0x0000000705000000, 0x0000000705000000, 0x0000000705200000|  0%| F|  |TAMS 0x0000000705000000, 0x0000000705000000| Untracked 
|  22|0x0000000705200000, 0x0000000705200000, 0x0000000705400000|  0%| F|  |TAMS 0x0000000705200000, 0x0000000705200000| Untracked 
|  23|0x0000000705400000, 0x0000000705400000, 0x0000000705600000|  0%| F|  |TAMS 0x0000000705400000, 0x0000000705400000| Untracked 
|  24|0x0000000705600000, 0x0000000705600000, 0x0000000705800000|  0%| F|  |TAMS 0x0000000705600000, 0x0000000705600000| Untracked 
|  25|0x0000000705800000, 0x0000000705800000, 0x0000000705a00000|  0%| F|  |TAMS 0x0000000705800000, 0x0000000705800000| Untracked 
|  26|0x0000000705a00000, 0x0000000705a00000, 0x0000000705c00000|  0%| F|  |TAMS 0x0000000705a00000, 0x0000000705a00000| Untracked 
|  27|0x0000000705c00000, 0x0000000705c00000, 0x0000000705e00000|  0%| F|  |TAMS 0x0000000705c00000, 0x0000000705c00000| Untracked 
|  28|0x0000000705e00000, 0x0000000705e00000, 0x0000000706000000|  0%| F|  |TAMS 0x0000000705e00000, 0x0000000705e00000| Untracked 
|  29|0x0000000706000000, 0x0000000706000000, 0x0000000706200000|  0%| F|  |TAMS 0x0000000706000000, 0x0000000706000000| Untracked 
|  30|0x0000000706200000, 0x0000000706200000, 0x0000000706400000|  0%| F|  |TAMS 0x0000000706200000, 0x0000000706200000| Untracked 
|  31|0x0000000706400000, 0x0000000706400000, 0x0000000706600000|  0%| F|  |TAMS 0x0000000706400000, 0x0000000706400000| Untracked 
|  32|0x0000000706600000, 0x0000000706600000, 0x0000000706800000|  0%| F|  |TAMS 0x0000000706600000, 0x0000000706600000| Untracked 
|  33|0x0000000706800000, 0x0000000706800000, 0x0000000706a00000|  0%| F|  |TAMS 0x0000000706800000, 0x0000000706800000| Untracked 
|  34|0x0000000706a00000, 0x0000000706a00000, 0x0000000706c00000|  0%| F|  |TAMS 0x0000000706a00000, 0x0000000706a00000| Untracked 
|  35|0x0000000706c00000, 0x0000000706c00000, 0x0000000706e00000|  0%| F|  |TAMS 0x0000000706c00000, 0x0000000706c00000| Untracked 
|  36|0x0000000706e00000, 0x0000000706e00000, 0x0000000707000000|  0%| F|  |TAMS 0x0000000706e00000, 0x0000000706e00000| Untracked 
|  37|0x0000000707000000, 0x0000000707000000, 0x0000000707200000|  0%| F|  |TAMS 0x0000000707000000, 0x0000000707000000| Untracked 
|  38|0x0000000707200000, 0x0000000707200000, 0x0000000707400000|  0%| F|  |TAMS 0x0000000707200000, 0x0000000707200000| Untracked 
|  39|0x0000000707400000, 0x0000000707400000, 0x0000000707600000|  0%| F|  |TAMS 0x0000000707400000, 0x0000000707400000| Untracked 
|  40|0x0000000707600000, 0x0000000707600000, 0x0000000707800000|  0%| F|  |TAMS 0x0000000707600000, 0x0000000707600000| Untracked 
|  41|0x0000000707800000, 0x0000000707800000, 0x0000000707a00000|  0%| F|  |TAMS 0x0000000707800000, 0x0000000707800000| Untracked 
|  42|0x0000000707a00000, 0x0000000707a00000, 0x0000000707c00000|  0%| F|  |TAMS 0x0000000707a00000, 0x0000000707a00000| Untracked 
|  43|0x0000000707c00000, 0x0000000707c00000, 0x0000000707e00000|  0%| F|  |TAMS 0x0000000707c00000, 0x0000000707c00000| Untracked 
|  44|0x0000000707e00000, 0x0000000707e00000, 0x0000000708000000|  0%| F|  |TAMS 0x0000000707e00000, 0x0000000707e00000| Untracked 
|  45|0x0000000708000000, 0x0000000708000000, 0x0000000708200000|  0%| F|  |TAMS 0x0000000708000000, 0x0000000708000000| Untracked 
|  46|0x0000000708200000, 0x0000000708200000, 0x0000000708400000|  0%| F|  |TAMS 0x0000000708200000, 0x0000000708200000| Untracked 
|  47|0x0000000708400000, 0x0000000708400000, 0x0000000708600000|  0%| F|  |TAMS 0x0000000708400000, 0x0000000708400000| Untracked 
|  48|0x0000000708600000, 0x0000000708600000, 0x0000000708800000|  0%| F|  |TAMS 0x0000000708600000, 0x0000000708600000| Untracked 
|  49|0x0000000708800000, 0x0000000708800000, 0x0000000708a00000|  0%| F|  |TAMS 0x0000000708800000, 0x0000000708800000| Untracked 
|  50|0x0000000708a00000, 0x0000000708a01830, 0x0000000708c00000|  0%| S|CS|TAMS 0x0000000708a00000, 0x0000000708a00000| Complete 
|  51|0x0000000708c00000, 0x0000000708c00000, 0x0000000708e00000|  0%| F|  |TAMS 0x0000000708c00000, 0x0000000708c00000| Untracked 
|  52|0x0000000708e00000, 0x0000000708e00000, 0x0000000709000000|  0%| F|  |TAMS 0x0000000708e00000, 0x0000000708e00000| Untracked 
|  53|0x0000000709000000, 0x0000000709000000, 0x0000000709200000|  0%| F|  |TAMS 0x0000000709000000, 0x0000000709000000| Untracked 
|  54|0x0000000709200000, 0x0000000709200000, 0x0000000709400000|  0%| F|  |TAMS 0x0000000709200000, 0x0000000709200000| Untracked 
|  55|0x0000000709400000, 0x0000000709400000, 0x0000000709600000|  0%| F|  |TAMS 0x0000000709400000, 0x0000000709400000| Untracked 
|  56|0x0000000709600000, 0x0000000709600000, 0x0000000709800000|  0%| F|  |TAMS 0x0000000709600000, 0x0000000709600000| Untracked 
|  57|0x0000000709800000, 0x0000000709800000, 0x0000000709a00000|  0%| F|  |TAMS 0x0000000709800000, 0x0000000709800000| Untracked 
|  58|0x0000000709a00000, 0x0000000709a00000, 0x0000000709c00000|  0%| F|  |TAMS 0x0000000709a00000, 0x0000000709a00000| Untracked 
|  59|0x0000000709c00000, 0x0000000709c00000, 0x0000000709e00000|  0%| F|  |TAMS 0x0000000709c00000, 0x0000000709c00000| Untracked 
|  60|0x0000000709e00000, 0x0000000709e00000, 0x000000070a000000|  0%| F|  |TAMS 0x0000000709e00000, 0x0000000709e00000| Untracked 
|  61|0x000000070a000000, 0x000000070a000000, 0x000000070a200000|  0%| F|  |TAMS 0x000000070a000000, 0x000000070a000000| Untracked 
|  62|0x000000070a200000, 0x000000070a200000, 0x000000070a400000|  0%| F|  |TAMS 0x000000070a200000, 0x000000070a200000| Untracked 
|  63|0x000000070a400000, 0x000000070a400000, 0x000000070a600000|  0%| F|  |TAMS 0x000000070a400000, 0x000000070a400000| Untracked 
|  64|0x000000070a600000, 0x000000070a600000, 0x000000070a800000|  0%| F|  |TAMS 0x000000070a600000, 0x000000070a600000| Untracked 
|  65|0x000000070a800000, 0x000000070a800000, 0x000000070aa00000|  0%| F|  |TAMS 0x000000070a800000, 0x000000070a800000| Untracked 
|  66|0x000000070aa00000, 0x000000070aa00000, 0x000000070ac00000|  0%| F|  |TAMS 0x000000070aa00000, 0x000000070aa00000| Untracked 
|  67|0x000000070ac00000, 0x000000070ac00000, 0x000000070ae00000|  0%| F|  |TAMS 0x000000070ac00000, 0x000000070ac00000| Untracked 
|  68|0x000000070ae00000, 0x000000070ae00000, 0x000000070b000000|  0%| F|  |TAMS 0x000000070ae00000, 0x000000070ae00000| Untracked 
|  69|0x000000070b000000, 0x000000070b000000, 0x000000070b200000|  0%| F|  |TAMS 0x000000070b000000, 0x000000070b000000| Untracked 
|  70|0x000000070b200000, 0x000000070b200000, 0x000000070b400000|  0%| F|  |TAMS 0x000000070b200000, 0x000000070b200000| Untracked 
|  71|0x000000070b400000, 0x000000070b400000, 0x000000070b600000|  0%| F|  |TAMS 0x000000070b400000, 0x000000070b400000| Untracked 
|  72|0x000000070b600000, 0x000000070b600000, 0x000000070b800000|  0%| F|  |TAMS 0x000000070b600000, 0x000000070b600000| Untracked 
|  73|0x000000070b800000, 0x000000070b800000, 0x000000070ba00000|  0%| F|  |TAMS 0x000000070b800000, 0x000000070b800000| Untracked 
|  74|0x000000070ba00000, 0x000000070ba00000, 0x000000070bc00000|  0%| F|  |TAMS 0x000000070ba00000, 0x000000070ba00000| Untracked 
|  75|0x000000070bc00000, 0x000000070bc00000, 0x000000070be00000|  0%| F|  |TAMS 0x000000070bc00000, 0x000000070bc00000| Untracked 
|  76|0x000000070be00000, 0x000000070be00000, 0x000000070c000000|  0%| F|  |TAMS 0x000000070be00000, 0x000000070be00000| Untracked 
|  77|0x000000070c000000, 0x000000070c000000, 0x000000070c200000|  0%| F|  |TAMS 0x000000070c000000, 0x000000070c000000| Untracked 
|  78|0x000000070c200000, 0x000000070c200000, 0x000000070c400000|  0%| F|  |TAMS 0x000000070c200000, 0x000000070c200000| Untracked 
|  79|0x000000070c400000, 0x000000070c400000, 0x000000070c600000|  0%| F|  |TAMS 0x000000070c400000, 0x000000070c400000| Untracked 
|  80|0x000000070c600000, 0x000000070c600000, 0x000000070c800000|  0%| F|  |TAMS 0x000000070c600000, 0x000000070c600000| Untracked 
|  81|0x000000070c800000, 0x000000070ca00000, 0x000000070ca00000|100%| E|  |TAMS 0x000000070c800000, 0x000000070c800000| Complete 
|  82|0x000000070ca00000, 0x000000070cc00000, 0x000000070cc00000|100%| E|CS|TAMS 0x000000070ca00000, 0x000000070ca00000| Complete 
|  83|0x000000070cc00000, 0x000000070ce00000, 0x000000070ce00000|100%| E|CS|TAMS 0x000000070cc00000, 0x000000070cc00000| Complete 
|  84|0x000000070ce00000, 0x000000070d000000, 0x000000070d000000|100%| E|CS|TAMS 0x000000070ce00000, 0x000000070ce00000| Complete 
|  85|0x000000070d000000, 0x000000070d200000, 0x000000070d200000|100%| E|CS|TAMS 0x000000070d000000, 0x000000070d000000| Complete 
|  86|0x000000070d200000, 0x000000070d400000, 0x000000070d400000|100%| E|CS|TAMS 0x000000070d200000, 0x000000070d200000| Complete 
|  87|0x000000070d400000, 0x000000070d600000, 0x000000070d600000|100%| E|CS|TAMS 0x000000070d400000, 0x000000070d400000| Complete 
|  88|0x000000070d600000, 0x000000070d800000, 0x000000070d800000|100%| E|CS|TAMS 0x000000070d600000, 0x000000070d600000| Complete 
|  89|0x000000070d800000, 0x000000070da00000, 0x000000070da00000|100%| E|CS|TAMS 0x000000070d800000, 0x000000070d800000| Complete 
|  90|0x000000070da00000, 0x000000070dc00000, 0x000000070dc00000|100%| E|CS|TAMS 0x000000070da00000, 0x000000070da00000| Complete 
|  91|0x000000070dc00000, 0x000000070de00000, 0x000000070de00000|100%| E|CS|TAMS 0x000000070dc00000, 0x000000070dc00000| Complete 
|  92|0x000000070de00000, 0x000000070e000000, 0x000000070e000000|100%| E|CS|TAMS 0x000000070de00000, 0x000000070de00000| Complete 
|  93|0x000000070e000000, 0x000000070e200000, 0x000000070e200000|100%| E|CS|TAMS 0x000000070e000000, 0x000000070e000000| Complete 
|  94|0x000000070e200000, 0x000000070e400000, 0x000000070e400000|100%| E|CS|TAMS 0x000000070e200000, 0x000000070e200000| Complete 
|  95|0x000000070e400000, 0x000000070e600000, 0x000000070e600000|100%| E|CS|TAMS 0x000000070e400000, 0x000000070e400000| Complete 
|  96|0x000000070e600000, 0x000000070e800000, 0x000000070e800000|100%| E|CS|TAMS 0x000000070e600000, 0x000000070e600000| Complete 
|  97|0x000000070e800000, 0x000000070ea00000, 0x000000070ea00000|100%| E|CS|TAMS 0x000000070e800000, 0x000000070e800000| Complete 
|  98|0x000000070ea00000, 0x000000070ec00000, 0x000000070ec00000|100%| E|CS|TAMS 0x000000070ea00000, 0x000000070ea00000| Complete 
|  99|0x000000070ec00000, 0x000000070ee00000, 0x000000070ee00000|100%| E|CS|TAMS 0x000000070ec00000, 0x000000070ec00000| Complete 
| 100|0x000000070ee00000, 0x000000070f000000, 0x000000070f000000|100%| E|CS|TAMS 0x000000070ee00000, 0x000000070ee00000| Complete 
| 101|0x000000070f000000, 0x000000070f200000, 0x000000070f200000|100%| E|CS|TAMS 0x000000070f000000, 0x000000070f000000| Complete 
| 102|0x000000070f200000, 0x000000070f400000, 0x000000070f400000|100%| E|CS|TAMS 0x000000070f200000, 0x000000070f200000| Complete 
| 103|0x000000070f400000, 0x000000070f600000, 0x000000070f600000|100%| E|CS|TAMS 0x000000070f400000, 0x000000070f400000| Complete 
| 104|0x000000070f600000, 0x000000070f800000, 0x000000070f800000|100%| E|CS|TAMS 0x000000070f600000, 0x000000070f600000| Complete 
| 105|0x000000070f800000, 0x000000070fa00000, 0x000000070fa00000|100%| E|CS|TAMS 0x000000070f800000, 0x000000070f800000| Complete 
| 106|0x000000070fa00000, 0x000000070fc00000, 0x000000070fc00000|100%| E|CS|TAMS 0x000000070fa00000, 0x000000070fa00000| Complete 
| 107|0x000000070fc00000, 0x000000070fe00000, 0x000000070fe00000|100%| E|CS|TAMS 0x000000070fc00000, 0x000000070fc00000| Complete 
| 108|0x000000070fe00000, 0x0000000710000000, 0x0000000710000000|100%| E|CS|TAMS 0x000000070fe00000, 0x000000070fe00000| Complete 
| 109|0x0000000710000000, 0x0000000710200000, 0x0000000710200000|100%| E|CS|TAMS 0x0000000710000000, 0x0000000710000000| Complete 
| 110|0x0000000710200000, 0x0000000710400000, 0x0000000710400000|100%| E|CS|TAMS 0x0000000710200000, 0x0000000710200000| Complete 
| 111|0x0000000710400000, 0x0000000710600000, 0x0000000710600000|100%| E|CS|TAMS 0x0000000710400000, 0x0000000710400000| Complete 
| 112|0x0000000710600000, 0x0000000710800000, 0x0000000710800000|100%| E|CS|TAMS 0x0000000710600000, 0x0000000710600000| Complete 
| 113|0x0000000710800000, 0x0000000710a00000, 0x0000000710a00000|100%| E|CS|TAMS 0x0000000710800000, 0x0000000710800000| Complete 
| 114|0x0000000710a00000, 0x0000000710c00000, 0x0000000710c00000|100%| E|CS|TAMS 0x0000000710a00000, 0x0000000710a00000| Complete 
| 115|0x0000000710c00000, 0x0000000710e00000, 0x0000000710e00000|100%| E|CS|TAMS 0x0000000710c00000, 0x0000000710c00000| Complete 
| 116|0x0000000710e00000, 0x0000000711000000, 0x0000000711000000|100%| E|CS|TAMS 0x0000000710e00000, 0x0000000710e00000| Complete 
| 117|0x0000000711000000, 0x0000000711200000, 0x0000000711200000|100%| E|CS|TAMS 0x0000000711000000, 0x0000000711000000| Complete 
| 118|0x0000000711200000, 0x0000000711400000, 0x0000000711400000|100%| E|CS|TAMS 0x0000000711200000, 0x0000000711200000| Complete 
| 119|0x0000000711400000, 0x0000000711600000, 0x0000000711600000|100%| E|CS|TAMS 0x0000000711400000, 0x0000000711400000| Complete 
| 120|0x0000000711600000, 0x0000000711800000, 0x0000000711800000|100%| E|CS|TAMS 0x0000000711600000, 0x0000000711600000| Complete 
| 121|0x0000000711800000, 0x0000000711a00000, 0x0000000711a00000|100%| E|CS|TAMS 0x0000000711800000, 0x0000000711800000| Complete 
| 122|0x0000000711a00000, 0x0000000711c00000, 0x0000000711c00000|100%| E|CS|TAMS 0x0000000711a00000, 0x0000000711a00000| Complete 
| 123|0x0000000711c00000, 0x0000000711e00000, 0x0000000711e00000|100%| E|CS|TAMS 0x0000000711c00000, 0x0000000711c00000| Complete 
| 124|0x0000000711e00000, 0x0000000712000000, 0x0000000712000000|100%| E|CS|TAMS 0x0000000711e00000, 0x0000000711e00000| Complete 
| 125|0x0000000712000000, 0x0000000712200000, 0x0000000712200000|100%| E|CS|TAMS 0x0000000712000000, 0x0000000712000000| Complete 
| 126|0x0000000712200000, 0x0000000712400000, 0x0000000712400000|100%| E|CS|TAMS 0x0000000712200000, 0x0000000712200000| Complete 

Card table byte_map: [0x00000201d2130000,0x00000201d2920000] _byte_map_base: 0x00000201ce91d000

Marking Bits (Prev, Next): (CMBitMap*) 0x00000201b8514700, (CMBitMap*) 0x00000201b8514740
 Prev Bits: [0x00000201d3110000, 0x00000201d7078000)
 Next Bits: [0x00000201d7080000, 0x00000201dafe8000)

Polling page: 0x00000201b85a0000

Metaspace:

Usage:
  Non-class:      7.45 MB capacity,     7.39 MB (>99%) used,    54.19 KB ( <1%) free+waste,    10.88 KB ( <1%) overhead. 
      Class:   1021.00 KB capacity,   947.80 KB ( 93%) used,    68.52 KB (  7%) free+waste,     4.69 KB ( <1%) overhead. 
       Both:      8.45 MB capacity,     8.31 MB ( 98%) used,   122.70 KB (  1%) free+waste,    15.56 KB ( <1%) overhead. 

Virtual space:
  Non-class space:        8.00 MB reserved,       7.50 MB ( 94%) committed 
      Class space:        1.00 GB reserved,       1.00 MB ( <1%) committed 
             Both:        1.01 GB reserved,       8.50 MB ( <1%) committed 

Chunk freelists:
   Non-Class:  51.00 KB
       Class:  3.00 KB
        Both:  54.00 KB

MaxMetaspaceSize: 17179869184.00 GB
CompressedClassSpaceSize: 1.00 GB

CodeHeap 'non-profiled nmethods': size=120000Kb used=865Kb max_used=865Kb free=119134Kb
 bounds [0x00000201c99b0000, 0x00000201c9c20000, 0x00000201d0ee0000]
CodeHeap 'profiled nmethods': size=120000Kb used=2387Kb max_used=2387Kb free=117612Kb
 bounds [0x00000201c2480000, 0x00000201c26f0000, 0x00000201c99b0000]
CodeHeap 'non-nmethods': size=5760Kb used=1269Kb max_used=1400Kb free=4490Kb
 bounds [0x00000201c1ee0000, 0x00000201c2150000, 0x00000201c2480000]
 total_blobs=1908 nmethods=1354 adapters=467
 compilation: enabled
              stopped_count=0, restarted_count=0
 full_count=0

Compilation events (20 events):
Event: 8.130 Thread 0x00000201df84e170 1354       4       sun.java2d.pipe.DrawImage::scaleImage (488 bytes)
Event: 8.134 Thread 0x00000201df69f1d0 nmethod 1350 0x00000201c9a77190 code [0x00000201c9a773c0, 0x00000201c9a780d0]
Event: 8.134 Thread 0x00000201df69f1d0 1352       4       sun.java2d.windows.GDIWindowSurfaceData::validatePipe (265 bytes)
Event: 8.137 Thread 0x00000201de320db0 nmethod 1349 0x00000201c9a78990 code [0x00000201c9a78c20, 0x00000201c9a7a050]
Event: 8.137 Thread 0x00000201de320db0 1353       4       sun.java2d.pipe.DrawImage::scaleImage (84 bytes)
Event: 8.138 Thread 0x00000201de320db0 nmethod 1353 0x00000201c9a7af10 code [0x00000201c9a7b0a0, 0x00000201c9a7b208]
Event: 8.138 Thread 0x00000201de320db0 1355       4       sun.java2d.pipe.DrawImage::transformImage (124 bytes)
Event: 8.139 Thread 0x00000201df69f1d0 nmethod 1352 0x00000201c9a7b390 code [0x00000201c9a7b520, 0x00000201c9a7bc78]
Event: 8.139 Thread 0x00000201df69f1d0 1356       4       sun.java2d.pipe.DrawImage::tryCopyOrScale (260 bytes)
Event: 8.143 Thread 0x00000201df69f1d0 nmethod 1356 0x00000201c9a7be10 code [0x00000201c9a7c020, 0x00000201c9a7c768]
Event: 8.144 Thread 0x00000201de320db0 nmethod 1355 0x00000201c9a7ca90 code [0x00000201c9a7ccc0, 0x00000201c9a7d498]
Event: 8.144 Thread 0x00000201df84e170 nmethod 1354 0x00000201c9a7d890 code [0x00000201c9a7db60, 0x00000201c9a7f030]
Event: 8.178 Thread 0x00000201df84e170 1357       4       sun.java2d.SurfaceData::markDirty (8 bytes)
Event: 8.178 Thread 0x00000201df84e170 nmethod 1357 0x00000201c9a80110 code [0x00000201c9a80280, 0x00000201c9a80358]
Event: 11.742 Thread 0x00000201de3247c0 1358 % !   3       javax.swing.RepaintManager$PaintManager::paintDoubleBufferedFPScales @ 137 (460 bytes)
Event: 11.744 Thread 0x00000201de3247c0 nmethod 1358% 0x00000201c26ce490 code [0x00000201c26ce8a0, 0x00000201c26d0f78]
Event: 11.808 Thread 0x00000201de3247c0 1359   !   3       javax.swing.RepaintManager$PaintManager::paintDoubleBufferedFPScales (460 bytes)
Event: 11.809 Thread 0x00000201de3247c0 nmethod 1359 0x00000201c26d2110 code [0x00000201c26d24a0, 0x00000201c26d3ec8]
Event: 14.314 Thread 0x00000201de320db0 1360 % !   4       javax.swing.RepaintManager$PaintManager::paintDoubleBufferedFPScales @ 137 (460 bytes)
Event: 14.403 Thread 0x00000201de320db0 nmethod 1360% 0x00000201c9a80410 code [0x00000201c9a808a0, 0x00000201c9a854d0]

GC Heap History (20 events):
Event: 99.114 GC heap before
{Heap before GC invocations=29 (full 0):
 garbage-first heap   total 260096K, used 164125K [0x0000000702600000, 0x0000000800000000)
  region size 2048K, 76 young (155648K), 1 survivors (2048K)
 Metaspace       used 8510K, capacity 8650K, committed 8704K, reserved 1056768K
  class space    used 947K, capacity 1021K, committed 1024K, reserved 1048576K
}
Event: 99.114 GC heap after
{Heap after GC invocations=30 (full 0):
 garbage-first heap   total 260096K, used 10525K [0x0000000702600000, 0x0000000800000000)
  region size 2048K, 1 young (2048K), 1 survivors (2048K)
 Metaspace       used 8510K, capacity 8650K, committed 8704K, reserved 1056768K
  class space    used 947K, capacity 1021K, committed 1024K, reserved 1048576K
}
Event: 102.261 GC heap before
{Heap before GC invocations=30 (full 0):
 garbage-first heap   total 260096K, used 164125K [0x0000000702600000, 0x0000000800000000)
  region size 2048K, 76 young (155648K), 1 survivors (2048K)
 Metaspace       used 8510K, capacity 8650K, committed 8704K, reserved 1056768K
  class space    used 947K, capacity 1021K, committed 1024K, reserved 1048576K
}
Event: 102.261 GC heap after
{Heap after GC invocations=31 (full 0):
 garbage-first heap   total 260096K, used 10525K [0x0000000702600000, 0x0000000800000000)
  region size 2048K, 1 young (2048K), 1 survivors (2048K)
 Metaspace       used 8510K, capacity 8650K, committed 8704K, reserved 1056768K
  class space    used 947K, capacity 1021K, committed 1024K, reserved 1048576K
}
Event: 105.445 GC heap before
{Heap before GC invocations=31 (full 0):
 garbage-first heap   total 260096K, used 164125K [0x0000000702600000, 0x0000000800000000)
  region size 2048K, 76 young (155648K), 1 survivors (2048K)
 Metaspace       used 8510K, capacity 8650K, committed 8704K, reserved 1056768K
  class space    used 947K, capacity 1021K, committed 1024K, reserved 1048576K
}
Event: 105.445 GC heap after
{Heap after GC invocations=32 (full 0):
 garbage-first heap   total 260096K, used 10525K [0x0000000702600000, 0x0000000800000000)
  region size 2048K, 1 young (2048K), 1 survivors (2048K)
 Metaspace       used 8510K, capacity 8650K, committed 8704K, reserved 1056768K
  class space    used 947K, capacity 1021K, committed 1024K, reserved 1048576K
}
Event: 108.625 GC heap before
{Heap before GC invocations=32 (full 0):
 garbage-first heap   total 260096K, used 164125K [0x0000000702600000, 0x0000000800000000)
  region size 2048K, 76 young (155648K), 1 survivors (2048K)
 Metaspace       used 8510K, capacity 8650K, committed 8704K, reserved 1056768K
  class space    used 947K, capacity 1021K, committed 1024K, reserved 1048576K
}
Event: 108.626 GC heap after
{Heap after GC invocations=33 (full 0):
 garbage-first heap   total 260096K, used 10523K [0x0000000702600000, 0x0000000800000000)
  region size 2048K, 1 young (2048K), 1 survivors (2048K)
 Metaspace       used 8510K, capacity 8650K, committed 8704K, reserved 1056768K
  class space    used 947K, capacity 1021K, committed 1024K, reserved 1048576K
}
Event: 111.834 GC heap before
{Heap before GC invocations=33 (full 0):
 garbage-first heap   total 260096K, used 164123K [0x0000000702600000, 0x0000000800000000)
  region size 2048K, 76 young (155648K), 1 survivors (2048K)
 Metaspace       used 8510K, capacity 8650K, committed 8704K, reserved 1056768K
  class space    used 947K, capacity 1021K, committed 1024K, reserved 1048576K
}
Event: 111.834 GC heap after
{Heap after GC invocations=34 (full 0):
 garbage-first heap   total 260096K, used 10525K [0x0000000702600000, 0x0000000800000000)
  region size 2048K, 1 young (2048K), 1 survivors (2048K)
 Metaspace       used 8510K, capacity 8650K, committed 8704K, reserved 1056768K
  class space    used 947K, capacity 1021K, committed 1024K, reserved 1048576K
}
Event: 115.078 GC heap before
{Heap before GC invocations=34 (full 0):
 garbage-first heap   total 260096K, used 164125K [0x0000000702600000, 0x0000000800000000)
  region size 2048K, 76 young (155648K), 1 survivors (2048K)
 Metaspace       used 8510K, capacity 8650K, committed 8704K, reserved 1056768K
  class space    used 947K, capacity 1021K, committed 1024K, reserved 1048576K
}
Event: 115.079 GC heap after
{Heap after GC invocations=35 (full 0):
 garbage-first heap   total 260096K, used 10523K [0x0000000702600000, 0x0000000800000000)
  region size 2048K, 1 young (2048K), 1 survivors (2048K)
 Metaspace       used 8510K, capacity 8650K, committed 8704K, reserved 1056768K
  class space    used 947K, capacity 1021K, committed 1024K, reserved 1048576K
}
Event: 118.364 GC heap before
{Heap before GC invocations=35 (full 0):
 garbage-first heap   total 260096K, used 164123K [0x0000000702600000, 0x0000000800000000)
  region size 2048K, 76 young (155648K), 1 survivors (2048K)
 Metaspace       used 8510K, capacity 8650K, committed 8704K, reserved 1056768K
  class space    used 947K, capacity 1021K, committed 1024K, reserved 1048576K
}
Event: 118.364 GC heap after
{Heap after GC invocations=36 (full 0):
 garbage-first heap   total 260096K, used 10525K [0x0000000702600000, 0x0000000800000000)
  region size 2048K, 1 young (2048K), 1 survivors (2048K)
 Metaspace       used 8510K, capacity 8650K, committed 8704K, reserved 1056768K
  class space    used 947K, capacity 1021K, committed 1024K, reserved 1048576K
}
Event: 122.031 GC heap before
{Heap before GC invocations=36 (full 0):
 garbage-first heap   total 260096K, used 164125K [0x0000000702600000, 0x0000000800000000)
  region size 2048K, 76 young (155648K), 1 survivors (2048K)
 Metaspace       used 8510K, capacity 8650K, committed 8704K, reserved 1056768K
  class space    used 947K, capacity 1021K, committed 1024K, reserved 1048576K
}
Event: 122.031 GC heap after
{Heap after GC invocations=37 (full 0):
 garbage-first heap   total 260096K, used 10525K [0x0000000702600000, 0x0000000800000000)
  region size 2048K, 1 young (2048K), 1 survivors (2048K)
 Metaspace       used 8510K, capacity 8650K, committed 8704K, reserved 1056768K
  class space    used 947K, capacity 1021K, committed 1024K, reserved 1048576K
}
Event: 125.480 GC heap before
{Heap before GC invocations=37 (full 0):
 garbage-first heap   total 260096K, used 164125K [0x0000000702600000, 0x0000000800000000)
  region size 2048K, 76 young (155648K), 1 survivors (2048K)
 Metaspace       used 8510K, capacity 8650K, committed 8704K, reserved 1056768K
  class space    used 947K, capacity 1021K, committed 1024K, reserved 1048576K
}
Event: 125.481 GC heap after
{Heap after GC invocations=38 (full 0):
 garbage-first heap   total 260096K, used 10525K [0x0000000702600000, 0x0000000800000000)
  region size 2048K, 1 young (2048K), 1 survivors (2048K)
 Metaspace       used 8510K, capacity 8650K, committed 8704K, reserved 1056768K
  class space    used 947K, capacity 1021K, committed 1024K, reserved 1048576K
}
Event: 128.891 GC heap before
{Heap before GC invocations=38 (full 0):
 garbage-first heap   total 260096K, used 164125K [0x0000000702600000, 0x0000000800000000)
  region size 2048K, 76 young (155648K), 1 survivors (2048K)
 Metaspace       used 8510K, capacity 8650K, committed 8704K, reserved 1056768K
  class space    used 947K, capacity 1021K, committed 1024K, reserved 1048576K
}
Event: 128.892 GC heap after
{Heap after GC invocations=39 (full 0):
 garbage-first heap   total 260096K, used 10525K [0x0000000702600000, 0x0000000800000000)
  region size 2048K, 1 young (2048K), 1 survivors (2048K)
 Metaspace       used 8510K, capacity 8650K, committed 8704K, reserved 1056768K
  class space    used 947K, capacity 1021K, committed 1024K, reserved 1048576K
}

Deoptimization events (20 events):
Event: 7.501 Thread 0x00000201de706490 Uncommon trap: trap_request=0xffffff45 fr.pc=0x00000201c99f8800 relative=0x00000000000000c0
Event: 7.501 Thread 0x00000201de706490 Uncommon trap: reason=unstable_if action=reinterpret pc=0x00000201c99f8800 method=sun.java2d.pipe.Region.clipRound(D)I @ 22 c2
Event: 7.501 Thread 0x00000201de706490 DEOPT PACKING pc=0x00000201c99f8800 sp=0x0000005b123fe1e0
Event: 7.501 Thread 0x00000201de706490 DEOPT UNPACKING pc=0x00000201c1f2e42f sp=0x0000005b123fe170 mode 2
Event: 12.276 Thread 0x00000201de706490 DEOPT PACKING pc=0x00000201c26d0cc0 sp=0x0000005b123fde20
Event: 12.276 Thread 0x00000201de706490 DEOPT UNPACKING pc=0x00000201c1f2e23f sp=0x0000005b123fd3e0 mode 0
Event: 12.786 Thread 0x00000201de706490 DEOPT PACKING pc=0x00000201c26d0cc0 sp=0x0000005b123fde20
Event: 12.786 Thread 0x00000201de706490 DEOPT UNPACKING pc=0x00000201c1f2e23f sp=0x0000005b123fd3e0 mode 0
Event: 13.300 Thread 0x00000201de706490 DEOPT PACKING pc=0x00000201c26d0cc0 sp=0x0000005b123fde20
Event: 13.300 Thread 0x00000201de706490 DEOPT UNPACKING pc=0x00000201c1f2e23f sp=0x0000005b123fd3e0 mode 0
Event: 13.808 Thread 0x00000201de706490 DEOPT PACKING pc=0x00000201c26d0cc0 sp=0x0000005b123fde20
Event: 13.808 Thread 0x00000201de706490 DEOPT UNPACKING pc=0x00000201c1f2e23f sp=0x0000005b123fd3e0 mode 0
Event: 14.314 Thread 0x00000201de706490 DEOPT PACKING pc=0x00000201c26d0cc0 sp=0x0000005b123fde20
Event: 14.314 Thread 0x00000201de706490 DEOPT UNPACKING pc=0x00000201c1f2e23f sp=0x0000005b123fd3e0 mode 0
Event: 14.834 Thread 0x00000201de706490 DEOPT PACKING pc=0x00000201c26d0cc0 sp=0x0000005b123fde20
Event: 14.834 Thread 0x00000201de706490 DEOPT UNPACKING pc=0x00000201c1f2e23f sp=0x0000005b123fd3e0 mode 0
Event: 130.789 Thread 0x00000201de706490 Uncommon trap: trap_request=0xffffff45 fr.pc=0x00000201c9a7ec00 relative=0x00000000000010a0
Event: 130.789 Thread 0x00000201de706490 Uncommon trap: reason=unstable_if action=reinterpret pc=0x00000201c9a7ec00 method=sun.java2d.pipe.DrawImage.tryCopyOrScale(Lsun/java2d/SunGraphics2D;Ljava/awt/Image;IIIILjava/awt/Color;I[D)Z @ 107 c2
Event: 130.789 Thread 0x00000201de706490 DEOPT PACKING pc=0x00000201c9a7ec00 sp=0x0000005b123fdd60
Event: 130.789 Thread 0x00000201de706490 DEOPT UNPACKING pc=0x00000201c1f2e42f sp=0x0000005b123fdaa0 mode 2

Classes unloaded (0 events):
No events

Classes redefined (0 events):
No events

Internal exceptions (20 events):
Event: 0.246 Thread 0x00000201b84c49e0 Exception <a 'java/lang/ClassNotFoundException'{0x0000000711ee7950}: TextArea> (0x0000000711ee7950) 
thrown [./open/src/hotspot/share/classfile/systemDictionary.cpp, line 295]
Event: 0.246 Thread 0x00000201b84c49e0 Exception <a 'java/lang/ClassNotFoundException'{0x0000000711ee8290}: TextPane> (0x0000000711ee8290) 
thrown [./open/src/hotspot/share/classfile/systemDictionary.cpp, line 295]
Event: 0.246 Thread 0x00000201b84c49e0 Exception <a 'java/lang/ClassNotFoundException'{0x0000000711ee86f8}: EditorPane> (0x0000000711ee86f8) 
thrown [./open/src/hotspot/share/classfile/systemDictionary.cpp, line 295]
Event: 0.246 Thread 0x00000201b84c49e0 Exception <a 'java/lang/ClassNotFoundException'{0x0000000711ee9058}: ToolBar> (0x0000000711ee9058) 
thrown [./open/src/hotspot/share/classfile/systemDictionary.cpp, line 295]
Event: 0.247 Thread 0x00000201b84c49e0 Exception <a 'java/lang/ClassNotFoundException'{0x0000000711ee9550}: ToolBar> (0x0000000711ee9550) 
thrown [./open/src/hotspot/share/classfile/systemDictionary.cpp, line 295]
Event: 0.247 Thread 0x00000201b84c49e0 Exception <a 'java/lang/ClassNotFoundException'{0x0000000711ee98b0}: Button> (0x0000000711ee98b0) 
thrown [./open/src/hotspot/share/classfile/systemDictionary.cpp, line 295]
Event: 0.247 Thread 0x00000201b84c49e0 Exception <a 'java/lang/ClassNotFoundException'{0x0000000711ee9d78}: ToolBar> (0x0000000711ee9d78) 
thrown [./open/src/hotspot/share/classfile/systemDictionary.cpp, line 295]
Event: 0.247 Thread 0x00000201b84c49e0 Exception <a 'java/lang/ClassNotFoundException'{0x0000000711eea0e8}: ToggleButton> (0x0000000711eea0e8) 
thrown [./open/src/hotspot/share/classfile/systemDictionary.cpp, line 295]
Event: 0.247 Thread 0x00000201b84c49e0 Exception <a 'java/lang/ClassNotFoundException'{0x0000000711eea528}: javax/swing/JToolBarSeparator> (0x0000000711eea528) 
thrown [./open/src/hotspot/share/classfile/systemDictionary.cpp, line 295]
Event: 0.247 Thread 0x00000201b84c49e0 Exception <a 'java/lang/ClassNotFoundException'{0x0000000711eea830}: ToolBarSeparator> (0x0000000711eea830) 
thrown [./open/src/hotspot/share/classfile/systemDictionary.cpp, line 295]
Event: 0.247 Thread 0x00000201b84c49e0 Exception <a 'java/lang/ClassNotFoundException'{0x0000000711eead48}: ToolTip> (0x0000000711eead48) 
thrown [./open/src/hotspot/share/classfile/systemDictionary.cpp, line 295]
Event: 0.247 Thread 0x00000201b84c49e0 Exception <a 'java/lang/ClassNotFoundException'{0x0000000711eeb698}: Tree> (0x0000000711eeb698) 
thrown [./open/src/hotspot/share/classfile/systemDictionary.cpp, line 295]
Event: 0.248 Thread 0x00000201b84c49e0 Exception <a 'java/lang/ClassNotFoundException'{0x0000000711eebb90}: Tree> (0x0000000711eebb90) 
thrown [./open/src/hotspot/share/classfile/systemDictionary.cpp, line 295]
Event: 0.248 Thread 0x00000201b84c49e0 Exception <a 'java/lang/ClassNotFoundException'{0x0000000711eebf00}: javax/swing/JTreeCell> (0x0000000711eebf00) 
thrown [./open/src/hotspot/share/classfile/systemDictionary.cpp, line 295]
Event: 0.248 Thread 0x00000201b84c49e0 Exception <a 'java/lang/ClassNotFoundException'{0x0000000711eec200}: TreeCell> (0x0000000711eec200) 
thrown [./open/src/hotspot/share/classfile/systemDictionary.cpp, line 295]
Event: 0.248 Thread 0x00000201b84c49e0 Exception <a 'java/lang/ClassNotFoundException'{0x0000000711eec9c0}: RootPane> (0x0000000711eec9c0) 
thrown [./open/src/hotspot/share/classfile/systemDictionary.cpp, line 295]
Event: 0.249 Thread 0x00000201b84c49e0 Exception <a 'java/lang/ClassNotFoundException'{0x0000000711eef810}: com/sun/swing/internal/plaf/metal/resources/spi/metalProvider> (0x0000000711eef810) 
thrown [./open/src/hotspot/share/classfile/systemDictionary.cpp, line 295]
Event: 0.250 Thread 0x00000201b84c49e0 Exception <a 'java/lang/ClassNotFoundException'{0x0000000711ef3718}: com/sun/swing/internal/plaf/basic/resources/spi/basicProvider> (0x0000000711ef3718) 
thrown [./open/src/hotspot/share/classfile/systemDictionary.cpp, line 295]
Event: 0.266 Thread 0x00000201de706490 Exception <a 'java/lang/ClassNotFoundException'{0x0000000711f6ea00}: com/sun/swing/internal/plaf/synth/resources/spi/synthProvider> (0x0000000711f6ea00) 
thrown [./open/src/hotspot/share/classfile/systemDictionary.cpp, line 295]
Event: 0.297 Thread 0x00000201de706490 Exception <a 'java/lang/NoSuchMethodError'{0x0000000711c11210}: 'void java.lang.invoke.DirectMethodHandle$Holder.invokeStaticInit(java.lang.Object)'> (0x0000000711c11210) 
thrown [./open/src/hotspot/share/interpreter/linkResolver.cpp, line 782]

Events (20 events):
Event: 99.113 Executing VM operation: G1CollectForAllocation
Event: 99.114 Executing VM operation: G1CollectForAllocation done
Event: 102.260 Executing VM operation: G1CollectForAllocation
Event: 102.261 Executing VM operation: G1CollectForAllocation done
Event: 105.445 Executing VM operation: G1CollectForAllocation
Event: 105.445 Executing VM operation: G1CollectForAllocation done
Event: 108.625 Executing VM operation: G1CollectForAllocation
Event: 108.626 Executing VM operation: G1CollectForAllocation done
Event: 111.833 Executing VM operation: G1CollectForAllocation
Event: 111.834 Executing VM operation: G1CollectForAllocation done
Event: 115.078 Executing VM operation: G1CollectForAllocation
Event: 115.079 Executing VM operation: G1CollectForAllocation done
Event: 118.364 Executing VM operation: G1CollectForAllocation
Event: 118.364 Executing VM operation: G1CollectForAllocation done
Event: 122.030 Executing VM operation: G1CollectForAllocation
Event: 122.031 Executing VM operation: G1CollectForAllocation done
Event: 125.480 Executing VM operation: G1CollectForAllocation
Event: 125.481 Executing VM operation: G1CollectForAllocation done
Event: 128.891 Executing VM operation: G1CollectForAllocation
Event: 128.892 Executing VM operation: G1CollectForAllocation done


Dynamic libraries:
0x00007ff760ea0000 - 0x00007ff760eaf000 	C:\Program Files\Java\jdk-15.0.2\bin\java.exe
0x00007ffc668b0000 - 0x00007ffc66aa8000 	C:\WINDOWS\SYSTEM32\ntdll.dll
0x00007ffc65b70000 - 0x00007ffc65c2f000 	C:\WINDOWS\System32\KERNEL32.DLL
0x00007ffc64030000 - 0x00007ffc64302000 	C:\WINDOWS\System32\KERNELBASE.dll
0x00007ffc64510000 - 0x00007ffc64610000 	C:\WINDOWS\System32\ucrtbase.dll
0x00007ffc5b920000 - 0x00007ffc5b939000 	C:\Program Files\Java\jdk-15.0.2\bin\VCRUNTIME140.dll
0x00007ffc5bb20000 - 0x00007ffc5bb38000 	C:\Program Files\Java\jdk-15.0.2\bin\jli.dll
0x00007ffc65970000 - 0x00007ffc65a1e000 	C:\WINDOWS\System32\ADVAPI32.dll
0x00007ffc653d0000 - 0x00007ffc6546e000 	C:\WINDOWS\System32\msvcrt.dll
0x00007ffc654a0000 - 0x00007ffc6553c000 	C:\WINDOWS\System32\sechost.dll
0x00007ffc65d50000 - 0x00007ffc65e75000 	C:\WINDOWS\System32\RPCRT4.dll
0x00007ffc65780000 - 0x00007ffc65921000 	C:\WINDOWS\System32\USER32.dll
0x00007ffc64310000 - 0x00007ffc64332000 	C:\WINDOWS\System32\win32u.dll
0x00007ffc48c40000 - 0x00007ffc48eda000 	C:\WINDOWS\WinSxS\amd64_microsoft.windows.common-controls_6595b64144ccf1df_6.0.19041.1110_none_60b5254171f9507e\COMCTL32.dll
0x00007ffc65470000 - 0x00007ffc6549b000 	C:\WINDOWS\System32\GDI32.dll
0x00007ffc64760000 - 0x00007ffc6486f000 	C:\WINDOWS\System32\gdi32full.dll
0x00007ffc646c0000 - 0x00007ffc6475d000 	C:\WINDOWS\System32\msvcp_win.dll
0x00007ffc5f6d0000 - 0x00007ffc5f6da000 	C:\WINDOWS\SYSTEM32\VERSION.dll
0x00007ffc65930000 - 0x00007ffc65962000 	C:\WINDOWS\System32\IMM32.DLL
0x00007ffc5bcc0000 - 0x00007ffc5bccc000 	C:\Program Files\Java\jdk-15.0.2\bin\vcruntime140_1.dll
0x00007ffc37b00000 - 0x00007ffc37b91000 	C:\Program Files\Java\jdk-15.0.2\bin\msvcp140.dll
0x00007ffbc5d80000 - 0x00007ffbc68de000 	C:\Program Files\Java\jdk-15.0.2\bin\server\jvm.dll
0x00007ffc65b60000 - 0x00007ffc65b68000 	C:\WINDOWS\System32\PSAPI.DLL
0x00007ffc5c930000 - 0x00007ffc5c939000 	C:\WINDOWS\SYSTEM32\WSOCK32.dll
0x00007ffc55fb0000 - 0x00007ffc55fd7000 	C:\WINDOWS\SYSTEM32\WINMM.dll
0x00007ffc65c30000 - 0x00007ffc65c9b000 	C:\WINDOWS\System32\WS2_32.dll
0x00007ffc61e60000 - 0x00007ffc61e72000 	C:\WINDOWS\SYSTEM32\kernel.appcore.dll
0x00007ffc5baa0000 - 0x00007ffc5baaa000 	C:\Program Files\Java\jdk-15.0.2\bin\jimage.dll
0x00007ffc59460000 - 0x00007ffc59644000 	C:\WINDOWS\SYSTEM32\DBGHELP.DLL
0x00007ffc59340000 - 0x00007ffc59375000 	C:\WINDOWS\SYSTEM32\dbgcore.DLL
0x00007ffc63fa0000 - 0x00007ffc64022000 	C:\WINDOWS\System32\bcryptPrimitives.dll
0x00007ffc5b7d0000 - 0x00007ffc5b7f5000 	C:\Program Files\Java\jdk-15.0.2\bin\java.dll
0x00007ffc64a70000 - 0x00007ffc651b4000 	C:\WINDOWS\System32\SHELL32.dll
0x00007ffc62060000 - 0x00007ffc627f2000 	C:\WINDOWS\SYSTEM32\windows.storage.dll
0x00007ffc66510000 - 0x00007ffc66865000 	C:\WINDOWS\System32\combase.dll
0x00007ffc63990000 - 0x00007ffc639c0000 	C:\WINDOWS\SYSTEM32\Wldp.dll
0x00007ffc65ca0000 - 0x00007ffc65d4d000 	C:\WINDOWS\System32\SHCORE.dll
0x00007ffc65370000 - 0x00007ffc653c5000 	C:\WINDOWS\System32\shlwapi.dll
0x00007ffc63ee0000 - 0x00007ffc63eff000 	C:\WINDOWS\SYSTEM32\profapi.dll
0x00007ffc5b8c0000 - 0x00007ffc5b8d9000 	C:\Program Files\Java\jdk-15.0.2\bin\net.dll
0x00007ffc5d170000 - 0x00007ffc5d27c000 	C:\WINDOWS\SYSTEM32\WINHTTP.dll
0x00007ffc636f0000 - 0x00007ffc6375a000 	C:\WINDOWS\system32\mswsock.dll
0x00007ffc5b7b0000 - 0x00007ffc5b7c2000 	C:\Program Files\Java\jdk-15.0.2\bin\nio.dll
0x00007ffc5b790000 - 0x00007ffc5b7a8000 	C:\Program Files\Java\jdk-15.0.2\bin\zip.dll
0x00007ffc0f140000 - 0x00007ffc0f2c0000 	C:\Program Files\Java\jdk-15.0.2\bin\awt.dll
0x00007ffc655f0000 - 0x00007ffc656bd000 	C:\WINDOWS\System32\OLEAUT32.dll
0x00007ffc618d0000 - 0x00007ffc61961000 	C:\WINDOWS\SYSTEM32\apphelp.dll
0x00007ffc61a90000 - 0x00007ffc61b2e000 	C:\WINDOWS\system32\uxtheme.dll
0x00007ffc648f0000 - 0x00007ffc64a05000 	C:\WINDOWS\System32\MSCTF.dll
0x00007ffc65f10000 - 0x00007ffc6603a000 	C:\WINDOWS\System32\ole32.dll
0x00007ffc61c80000 - 0x00007ffc61caf000 	C:\WINDOWS\system32\DWMAPI.DLL
0x00007ffc3ba20000 - 0x00007ffc3baa5000 	C:\Program Files\Java\jdk-15.0.2\bin\freetype.dll
0x00007ffc1bea0000 - 0x00007ffc1bf49000 	C:\Program Files\Java\jdk-15.0.2\bin\fontmanager.dll
0x00007ffc25f90000 - 0x00007ffc260b5000 	C:\WINDOWS\system32\opengl32.dll
0x00007ffc25b50000 - 0x00007ffc25b7c000 	C:\WINDOWS\SYSTEM32\GLU32.dll
0x00007ffc43660000 - 0x00007ffc43759000 	C:\WINDOWS\SYSTEM32\textinputframework.dll
0x00007ffc613a0000 - 0x00007ffc616fe000 	C:\WINDOWS\System32\CoreUIComponents.dll
0x00007ffc61730000 - 0x00007ffc61822000 	C:\WINDOWS\System32\CoreMessaging.dll
0x00007ffc630c0000 - 0x00007ffc630f3000 	C:\WINDOWS\SYSTEM32\ntmarta.dll
0x00007ffc60d30000 - 0x00007ffc60e84000 	C:\WINDOWS\SYSTEM32\wintypes.dll

dbghelp: loaded successfully - version: 4.0.5 - missing functions: none
symbol engine: initialized successfully - sym options: 0x614 - pdb path: .;C:\Program Files\Java\jdk-15.0.2\bin;C:\WINDOWS\SYSTEM32;C:\WINDOWS\WinSxS\amd64_microsoft.windows.common-controls_6595b64144ccf1df_6.0.19041.1110_none_60b5254171f9507e;C:\Program Files\Java\jdk-15.0.2\bin\server

VM Arguments:
jvm_args: -Dfile.encoding=UTF-8 --module-path=C:\Users\Sahir Reyes\Documents\NetBeansProjects\Paqueteria\build\classes 
java_command: paqueteria.interfazPaqueteria
java_class_path (initial): C:\Program Files\NetBeans-15\netbeans\java\modules\ext\AbsoluteLayout.jar;C:\Users\Sahir Reyes\Documents\NetBeansProjects\Paqueteria\build\classes
Launcher Type: SUN_STANDARD

[Global flags]
     intx CICompilerCount                          = 4                                         {product} {ergonomic}
     uint ConcGCThreads                            = 2                                         {product} {ergonomic}
     uint G1ConcRefinementThreads                  = 8                                         {product} {ergonomic}
   size_t G1HeapRegionSize                         = 2097152                                   {product} {ergonomic}
    uintx GCDrainStackTargetSize                   = 64                                        {product} {ergonomic}
   size_t InitialHeapSize                          = 266338304                                 {product} {ergonomic}
   size_t MarkStackSize                            = 4194304                                   {product} {ergonomic}
   size_t MaxHeapSize                              = 4255121408                                {product} {ergonomic}
   size_t MaxNewSize                               = 2552233984                                {product} {ergonomic}
   size_t MinHeapDeltaBytes                        = 2097152                                   {product} {ergonomic}
   size_t MinHeapSize                              = 8388608                                   {product} {ergonomic}
    uintx NonNMethodCodeHeapSize                   = 5839372                                {pd product} {ergonomic}
    uintx NonProfiledCodeHeapSize                  = 122909434                              {pd product} {ergonomic}
    uintx ProfiledCodeHeapSize                     = 122909434                              {pd product} {ergonomic}
    uintx ReservedCodeCacheSize                    = 251658240                              {pd product} {ergonomic}
     bool SegmentedCodeCache                       = true                                      {product} {ergonomic}
   size_t SoftMaxHeapSize                          = 4255121408                             {manageable} {ergonomic}
     bool UseCompressedClassPointers               = true                                 {lp64_product} {ergonomic}
     bool UseCompressedOops                        = true                                 {lp64_product} {ergonomic}
     bool UseG1GC                                  = true                                      {product} {ergonomic}
     bool UseLargePagesIndividualAllocation        = false                                  {pd product} {ergonomic}

Logging:
Log output configuration:
 #0: stdout all=warning uptime,level,tags
 #1: stderr all=off uptime,level,tags

Environment Variables:
PATH=C:\Program Files\Common Files\Oracle\Java\javapath;C:\Program Files (x86)\NVIDIA Corporation\PhysX\Common;C:\Program Files (x86)\Common Files\Oracle\Java\javapath;C:\Program Files (x86)\Intel\Intel(R) Management Engine Components\iCLS\;C:\Program Files\Intel\Intel(R) Management Engine Components\iCLS\;C:\Windows\system32;C:\Windows;C:\Windows\System32\Wbem;C:\Windows\System32\WindowsPowerShell\v1.0\;C:\Program Files (x86)\Intel\Intel(R) Management Engine Components\DAL;C:\Program Files\Intel\Intel(R) Management Engine Components\DAL;C:\Program Files (x86)\Intel\Intel(R) Management Engine Components\IPT;C:\Program Files\Intel\Intel(R) Management Engine Components\IPT;C:\Program Files\Intel\WiFi\bin\;C:\Program Files\Common Files\Intel\WirelessCommon\;C:\WINDOWS\system32;C:\WINDOWS;C:\WINDOWS\System32\Wbem;C:\WINDOWS\System32\WindowsPowerShell\v1.0\;C:\WINDOWS\System32\OpenSSH\;C:\Program Files (x86)\Windows Kits\8.1\Windows Performance Toolkit\;C:\Program Files (x86)\Microchip\MPLAB C32 Suite\bin;C:\Program Files (x86)\HP\Common\HPDestPlgIn\;C:\Program Files\NVIDIA Corporation\NVIDIA NvDLISR;C:\WINDOWS\system32;C:\WINDOWS;C:\WINDOWS\System32\Wbem;C:\WINDOWS\System32\WindowsPowerShell\v1.0\;C:\WINDOWS\System32\OpenSSH\;C:\Program Files\Microsoft SQL Server\Client SDK\ODBC\110\Tools\Binn\;C:\Program Files (x86)\Microsoft SQL Server\120\Tools\Binn\;C:\Program Files\Microsoft SQL Server\120\Tools\Binn\;C:\Program Files\Microsoft SQL Server\120\DTS\Binn\;C:\Program Files\Git\cmd;C:\Users\Sahir Reyes\AppData\Local\Microsoft\WindowsApps;C:\Program Files (x86)\HP\Common\HPDestPlgIn\;;C:\Users\Sahir Reyes\AppData\Local\Programs\Microsoft VS Code\bin;C:\Program Files\JetBrains\PyCharm Community Edition 2022.3\bin;
USERNAME=Sahir Reyes
OS=Windows_NT
PROCESSOR_IDENTIFIER=Intel64 Family 6 Model 158 Stepping 10, GenuineIntel



---------------  S Y S T E M  ---------------

OS:
 Windows 10 , 64 bit Build 19041 (10.0.19041.2364)
OS uptime: 15 days 23:50 hours

CPU: total 8 (initial active 8) (4 cores per cpu, 2 threads per core) family 6 model 158 stepping 10 microcode 0xb4, cmov, cx8, fxsr, mmx, sse, sse2, sse3, ssse3, sse4.1, sse4.2, popcnt, vzeroupper, avx, avx2, aes, clmul, erms, 3dnowpref, lzcnt, ht, tsc, tscinvbit, bmi1, bmi2, adx, fma, clflush, clflushopt

Memory: 4k page, system-wide physical 16226M (4888M free)
TotalPageFile size 25954M (AvailPageFile size 10862M)
current process WorkingSet (physical memory assigned to process): 231M, peak: 239M
current process commit charge ("private bytes"): 360M, peak: 408M

vm_info: Java HotSpot(TM) 64-Bit Server VM (15.0.2+7-27) for windows-amd64 JRE (15.0.2+7-27), built on Dec  7 2020 20:07:01 by "mach5one" with unknown MS VC++:1925

END.
